# JRE version: Java(TM) SE Runtime Environment (8.0_161-b12) (build 1.8.0_161-b12)
# Java VM: Java HotSpot(TM) 64-Bit Server VM (25.161-b12 mixed mode linux-amd64 compressed oops)
Heap:
 PSYoungGen      total 74240K, used 24297K [0x000000076db80000, 0x0000000772e00000, 0x00000007c0000000)
  eden space 64000K, 32% used [0x000000076db80000,0x000000076efd9370,0x0000000771a00000)
  from space 10240K, 33% used [0x0000000772400000,0x0000000772761158,0x0000000772e00000)
  to   space 10240K, 0% used [0x0000000771a00000,0x0000000771a00000,0x0000000772400000)
 ParOldGen       total 70144K, used 5766K [0x00000006c9200000, 0x00000006cd680000, 0x000000076db80000)
  object space 70144K, 8% used [0x00000006c9200000,0x00000006c97a1a60,0x00000006cd680000)
 Metaspace       used 23879K, capacity 24674K, committed 24960K, reserved 1071104K
  class space    used 3143K, capacity 3349K, committed 3456K, reserved 1048576K
GC Heap History (6 events):
Event: 8.575 GC heap before
{Heap before GC invocations=1 (full 0):
 PSYoungGen      total 74240K, used 50371K [0x000000076db80000, 0x0000000772e00000, 0x00000007c0000000)
  eden space 64000K, 78% used [0x000000076db80000,0x0000000770cb0fe8,0x0000000771a00000)
  from space 10240K, 0% used [0x0000000772400000,0x0000000772400000,0x0000000772e00000)
  to   space 10240K, 0% used [0x0000000771a00000,0x0000000771a00000,0x0000000772400000)
 ParOldGen       total 169472K, used 0K [0x00000006c9200000, 0x00000006d3780000, 0x000000076db80000)
  object space 169472K, 0% used [0x00000006c9200000,0x00000006c9200000,0x00000006d3780000)
 Metaspace       used 20432K, capacity 21094K, committed 21248K, reserved 1067008K
  class space    used 2791K, capacity 2975K, committed 3072K, reserved 1048576K
Event: 8.582 GC heap after
Heap after GC invocations=1 (full 0):
 PSYoungGen      total 74240K, used 5856K [0x000000076db80000, 0x0000000772e00000, 0x00000007c0000000)
  eden space 64000K, 0% used [0x000000076db80000,0x000000076db80000,0x0000000771a00000)
  from space 10240K, 57% used [0x0000000771a00000,0x0000000771fb8060,0x0000000772400000)
  to   space 10240K, 0% used [0x0000000772400000,0x0000000772400000,0x0000000772e00000)
 ParOldGen       total 169472K, used 16K [0x00000006c9200000, 0x00000006d3780000, 0x000000076db80000)
  object space 169472K, 0% used [0x00000006c9200000,0x00000006c9204000,0x00000006d3780000)
 Metaspace       used 20432K, capacity 21094K, committed 21248K, reserved 1067008K
  class space    used 2791K, capacity 2975K, committed 3072K, reserved 1048576K
}
Event: 8.582 GC heap before
{Heap before GC invocations=2 (full 1):
 PSYoungGen      total 74240K, used 5856K [0x000000076db80000, 0x0000000772e00000, 0x00000007c0000000)
  eden space 64000K, 0% used [0x000000076db80000,0x000000076db80000,0x0000000771a00000)
  from space 10240K, 57% used [0x0000000771a00000,0x0000000771fb8060,0x0000000772400000)
  to   space 10240K, 0% used [0x0000000772400000,0x0000000772400000,0x0000000772e00000)
 ParOldGen       total 169472K, used 16K [0x00000006c9200000, 0x00000006d3780000, 0x000000076db80000)
  object space 169472K, 0% used [0x00000006c9200000,0x00000006c9204000,0x00000006d3780000)
 Metaspace       used 20432K, capacity 21094K, committed 21248K, reserved 1067008K
  class space    used 2791K, capacity 2975K, committed 3072K, reserved 1048576K
Event: 8.606 GC heap after
Heap after GC invocations=2 (full 1):
 PSYoungGen      total 74240K, used 0K [0x000000076db80000, 0x0000000772e00000, 0x00000007c0000000)
  eden space 64000K, 0% used [0x000000076db80000,0x000000076db80000,0x0000000771a00000)
  from space 10240K, 0% used [0x0000000771a00000,0x0000000771a00000,0x0000000772400000)
  to   space 10240K, 0% used [0x0000000772400000,0x0000000772400000,0x0000000772e00000)
 ParOldGen       total 70144K, used 5750K [0x00000006c9200000, 0x00000006cd680000, 0x000000076db80000)
  object space 70144K, 8% used [0x00000006c9200000,0x00000006c979da60,0x00000006cd680000)
 Metaspace       used 20432K, capacity 21094K, committed 21248K, reserved 1067008K
  class space    used 2791K, capacity 2975K, committed 3072K, reserved 1048576K
}
Event: 95.903 GC heap before
{Heap before GC invocations=3 (full 1):
 PSYoungGen      total 74240K, used 64000K [0x000000076db80000, 0x0000000772e00000, 0x00000007c0000000)
  eden space 64000K, 100% used [0x000000076db80000,0x0000000771a00000,0x0000000771a00000)
  from space 10240K, 0% used [0x0000000771a00000,0x0000000771a00000,0x0000000772400000)
  to   space 10240K, 0% used [0x0000000772400000,0x0000000772400000,0x0000000772e00000)
 ParOldGen       total 70144K, used 5750K [0x00000006c9200000, 0x00000006cd680000, 0x000000076db80000)
  object space 70144K, 8% used [0x00000006c9200000,0x00000006c979da60,0x00000006cd680000)
 Metaspace       used 23870K, capacity 24674K, committed 24960K, reserved 1071104K
  class space    used 3143K, capacity 3349K, committed 3456K, reserved 1048576K
Event: 95.907 GC heap after
Heap after GC invocations=3 (full 1):
 PSYoungGen      total 74240K, used 3460K [0x000000076db80000, 0x0000000772e00000, 0x00000007c0000000)
  eden space 64000K, 0% used [0x000000076db80000,0x000000076db80000,0x0000000771a00000)
  from space 10240K, 33% used [0x0000000772400000,0x0000000772761158,0x0000000772e00000)
  to   space 10240K, 0% used [0x0000000771a00000,0x0000000771a00000,0x0000000772400000)
 ParOldGen       total 70144K, used 5766K [0x00000006c9200000, 0x00000006cd680000, 0x000000076db80000)
  object space 70144K, 8% used [0x00000006c9200000,0x00000006c97a1a60,0x00000006cd680000)
 Metaspace       used 23870K, capacity 24674K, committed 24960K, reserved 1071104K
  class space    used 3143K, capacity 3349K, committed 3456K, reserved 1048576K
}

