# JRE version: Java(TM) SE Runtime Environment (8.0_161-b12) (build 1.8.0_161-b12)
# Java VM: Java HotSpot(TM) 64-Bit Server VM (25.161-b12 mixed mode linux-amd64 compressed oops)
Heap:
 PSYoungGen      total 74240K, used 39783K [0x000000076db80000, 0x0000000772e00000, 0x00000007c0000000)
  eden space 64000K, 62% used [0x000000076db80000,0x0000000770259cf8,0x0000000771a00000)
  from space 10240K, 0% used [0x0000000771a00000,0x0000000771a00000,0x0000000772400000)
  to   space 10240K, 0% used [0x0000000772400000,0x0000000772400000,0x0000000772e00000)
 ParOldGen       total 123392K, used 5704K [0x00000006c9200000, 0x00000006d0a80000, 0x000000076db80000)
  object space 123392K, 4% used [0x00000006c9200000,0x00000006c9792088,0x00000006d0a80000)
 Metaspace       used 23756K, capacity 24538K, committed 24704K, reserved 1071104K
  class space    used 3144K, capacity 3349K, committed 3456K, reserved 1048576K
GC Heap History (4 events):
Event: 3.656 GC heap before
{Heap before GC invocations=1 (full 0):
 PSYoungGen      total 74240K, used 49091K [0x000000076db80000, 0x0000000772e00000, 0x00000007c0000000)
  eden space 64000K, 76% used [0x000000076db80000,0x0000000770b70d88,0x0000000771a00000)
  from space 10240K, 0% used [0x0000000772400000,0x0000000772400000,0x0000000772e00000)
  to   space 10240K, 0% used [0x0000000771a00000,0x0000000771a00000,0x0000000772400000)
 ParOldGen       total 169472K, used 0K [0x00000006c9200000, 0x00000006d3780000, 0x000000076db80000)
  object space 169472K, 0% used [0x00000006c9200000,0x00000006c9200000,0x00000006d3780000)
 Metaspace       used 20483K, capacity 21126K, committed 21248K, reserved 1067008K
  class space    used 2769K, capacity 2969K, committed 3072K, reserved 1048576K
Event: 3.663 GC heap after
Heap after GC invocations=1 (full 0):
 PSYoungGen      total 74240K, used 5792K [0x000000076db80000, 0x0000000772e00000, 0x00000007c0000000)
  eden space 64000K, 0% used [0x000000076db80000,0x000000076db80000,0x0000000771a00000)
  from space 10240K, 56% used [0x0000000771a00000,0x0000000771fa8040,0x0000000772400000)
  to   space 10240K, 0% used [0x0000000772400000,0x0000000772400000,0x0000000772e00000)
 ParOldGen       total 169472K, used 16K [0x00000006c9200000, 0x00000006d3780000, 0x000000076db80000)
  object space 169472K, 0% used [0x00000006c9200000,0x00000006c9204000,0x00000006d3780000)
 Metaspace       used 20483K, capacity 21126K, committed 21248K, reserved 1067008K
  class space    used 2769K, capacity 2969K, committed 3072K, reserved 1048576K
}
Event: 3.663 GC heap before
{Heap before GC invocations=2 (full 1):
 PSYoungGen      total 74240K, used 5792K [0x000000076db80000, 0x0000000772e00000, 0x00000007c0000000)
  eden space 64000K, 0% used [0x000000076db80000,0x000000076db80000,0x0000000771a00000)
  from space 10240K, 56% used [0x0000000771a00000,0x0000000771fa8040,0x0000000772400000)
  to   space 10240K, 0% used [0x0000000772400000,0x0000000772400000,0x0000000772e00000)
 ParOldGen       total 169472K, used 16K [0x00000006c9200000, 0x00000006d3780000, 0x000000076db80000)
  object space 169472K, 0% used [0x00000006c9200000,0x00000006c9204000,0x00000006d3780000)
 Metaspace       used 20483K, capacity 21126K, committed 21248K, reserved 1067008K
  class space    used 2769K, capacity 2969K, committed 3072K, reserved 1048576K
Event: 3.694 GC heap after
Heap after GC invocations=2 (full 1):
 PSYoungGen      total 74240K, used 0K [0x000000076db80000, 0x0000000772e00000, 0x00000007c0000000)
  eden space 64000K, 0% used [0x000000076db80000,0x000000076db80000,0x0000000771a00000)
  from space 10240K, 0% used [0x0000000771a00000,0x0000000771a00000,0x0000000772400000)
  to   space 10240K, 0% used [0x0000000772400000,0x0000000772400000,0x0000000772e00000)
 ParOldGen       total 123392K, used 5704K [0x00000006c9200000, 0x00000006d0a80000, 0x000000076db80000)
  object space 123392K, 4% used [0x00000006c9200000,0x00000006c9792088,0x00000006d0a80000)
 Metaspace       used 20483K, capacity 21126K, committed 21248K, reserved 1067008K
  class space    used 2769K, capacity 2969K, committed 3072K, reserved 1048576K
}

