# JRE version: Java(TM) SE Runtime Environment (8.0_161-b12) (build 1.8.0_161-b12)
# Java VM: Java HotSpot(TM) 64-Bit Server VM (25.161-b12 mixed mode linux-amd64 compressed oops)
Heap:
 PSYoungGen      total 98816K, used 58158K [0x000000076db80000, 0x0000000774c00000, 0x00000007c0000000)
  eden space 91648K, 55% used [0x000000076db80000,0x0000000770d81e48,0x0000000773500000)
  from space 7168K, 96% used [0x0000000774500000,0x0000000774bc9b58,0x0000000774c00000)
  to   space 8704K, 0% used [0x0000000773b00000,0x0000000773b00000,0x0000000774380000)
 ParOldGen       total 123392K, used 6172K [0x00000006c9200000, 0x00000006d0a80000, 0x000000076db80000)
  object space 123392K, 5% used [0x00000006c9200000,0x00000006c9807170,0x00000006d0a80000)
 Metaspace       used 31536K, capacity 32590K, committed 32640K, reserved 1077248K
  class space    used 3948K, capacity 4221K, committed 4224K, reserved 1048576K
GC Heap History (10 events):
Event: 20.293 GC heap before
{Heap before GC invocations=7 (full 1):
 PSYoungGen      total 84480K, used 81404K [0x000000076db80000, 0x0000000774080000, 0x00000007c0000000)
  eden space 74240K, 100% used [0x000000076db80000,0x0000000772400000,0x0000000772400000)
  from space 10240K, 69% used [0x0000000772400000,0x0000000772aff388,0x0000000772e00000)
  to   space 9216K, 0% used [0x0000000773780000,0x0000000773780000,0x0000000774080000)
 ParOldGen       total 123392K, used 6130K [0x00000006c9200000, 0x00000006d0a80000, 0x000000076db80000)
  object space 123392K, 4% used [0x00000006c9200000,0x00000006c97fc948,0x00000006d0a80000)
 Metaspace       used 31034K, capacity 32062K, committed 32128K, reserved 1077248K
  class space    used 3945K, capacity 4219K, committed 4224K, reserved 1048576K
Event: 20.304 GC heap after
Heap after GC invocations=7 (full 1):
 PSYoungGen      total 92160K, used 7051K [0x000000076db80000, 0x0000000773f80000, 0x00000007c0000000)
  eden space 83968K, 0% used [0x000000076db80000,0x000000076db80000,0x0000000772d80000)
  from space 8192K, 86% used [0x0000000773780000,0x0000000773e62cb0,0x0000000773f80000)
  to   space 9216K, 0% used [0x0000000772d80000,0x0000000772d80000,0x0000000773680000)
 ParOldGen       total 123392K, used 6138K [0x00000006c9200000, 0x00000006d0a80000, 0x000000076db80000)
  object space 123392K, 4% used [0x00000006c9200000,0x00000006c97fe948,0x00000006d0a80000)
 Metaspace       used 31034K, capacity 32062K, committed 32128K, reserved 1077248K
  class space    used 3945K, capacity 4219K, committed 4224K, reserved 1048576K
}
Event: 21.526 GC heap before
{Heap before GC invocations=8 (full 1):
 PSYoungGen      total 92160K, used 91019K [0x000000076db80000, 0x0000000773f80000, 0x00000007c0000000)
  eden space 83968K, 100% used [0x000000076db80000,0x0000000772d80000,0x0000000772d80000)
  from space 8192K, 86% used [0x0000000773780000,0x0000000773e62cb0,0x0000000773f80000)
  to   space 9216K, 0% used [0x0000000772d80000,0x0000000772d80000,0x0000000773680000)
 ParOldGen       total 123392K, used 6138K [0x00000006c9200000, 0x00000006d0a80000, 0x000000076db80000)
  object space 123392K, 4% used [0x00000006c9200000,0x00000006c97fe948,0x00000006d0a80000)
 Metaspace       used 31165K, capacity 32190K, committed 32384K, reserved 1077248K
  class space    used 3945K, capacity 4219K, committed 4224K, reserved 1048576K
Event: 21.535 GC heap after
Heap after GC invocations=8 (full 1):
 PSYoungGen      total 93184K, used 7043K [0x000000076db80000, 0x0000000774980000, 0x00000007c0000000)
  eden space 83968K, 0% used [0x000000076db80000,0x000000076db80000,0x0000000772d80000)
  from space 9216K, 76% used [0x0000000772d80000,0x0000000773460d48,0x0000000773680000)
  to   space 8704K, 0% used [0x0000000774100000,0x0000000774100000,0x0000000774980000)
 ParOldGen       total 123392K, used 6146K [0x00000006c9200000, 0x00000006d0a80000, 0x000000076db80000)
  object space 123392K, 4% used [0x00000006c9200000,0x00000006c9800948,0x00000006d0a80000)
 Metaspace       used 31165K, capacity 32190K, committed 32384K, reserved 1077248K
  class space    used 3945K, capacity 4219K, committed 4224K, reserved 1048576K
}
Event: 33.222 GC heap before
{Heap before GC invocations=9 (full 1):
 PSYoungGen      total 93184K, used 91011K [0x000000076db80000, 0x0000000774980000, 0x00000007c0000000)
  eden space 83968K, 100% used [0x000000076db80000,0x0000000772d80000,0x0000000772d80000)
  from space 9216K, 76% used [0x0000000772d80000,0x0000000773460d48,0x0000000773680000)
  to   space 8704K, 0% used [0x0000000774100000,0x0000000774100000,0x0000000774980000)
 ParOldGen       total 123392K, used 6146K [0x00000006c9200000, 0x00000006d0a80000, 0x000000076db80000)
  object space 123392K, 4% used [0x00000006c9200000,0x00000006c9800960,0x00000006d0a80000)
 Metaspace       used 31290K, capacity 32334K, committed 32384K, reserved 1077248K
  class space    used 3948K, capacity 4221K, committed 4224K, reserved 1048576K
Event: 33.232 GC heap after
Heap after GC invocations=9 (full 1):
 PSYoungGen      total 100352K, used 7115K [0x000000076db80000, 0x0000000774800000, 0x00000007c0000000)
  eden space 93184K, 0% used [0x000000076db80000,0x000000076db80000,0x0000000773680000)
  from space 7168K, 99% used [0x0000000774100000,0x00000007747f2cb0,0x0000000774800000)
  to   space 8704K, 0% used [0x0000000773700000,0x0000000773700000,0x0000000773f80000)
 ParOldGen       total 123392K, used 6154K [0x00000006c9200000, 0x00000006d0a80000, 0x000000076db80000)
  object space 123392K, 4% used [0x00000006c9200000,0x00000006c9802960,0x00000006d0a80000)
 Metaspace       used 31290K, capacity 32334K, committed 32384K, reserved 1077248K
  class space    used 3948K, capacity 4221K, committed 4224K, reserved 1048576K
}
Event: 34.336 GC heap before
{Heap before GC invocations=10 (full 1):
 PSYoungGen      total 100352K, used 100299K [0x000000076db80000, 0x0000000774800000, 0x00000007c0000000)
  eden space 93184K, 100% used [0x000000076db80000,0x0000000773680000,0x0000000773680000)
  from space 7168K, 99% used [0x0000000774100000,0x00000007747f2cb0,0x0000000774800000)
  to   space 8704K, 0% used [0x0000000773700000,0x0000000773700000,0x0000000773f80000)
 ParOldGen       total 123392K, used 6156K [0x00000006c9200000, 0x00000006d0a80000, 0x000000076db80000)
  object space 123392K, 4% used [0x00000006c9200000,0x00000006c9803170,0x00000006d0a80000)
 Metaspace       used 31354K, capacity 32398K, committed 32640K, reserved 1077248K
  class space    used 3948K, capacity 4221K, committed 4224K, reserved 1048576K
Event: 34.342 GC heap after
Heap after GC invocations=10 (full 1):
 PSYoungGen      total 102400K, used 7171K [0x000000076db80000, 0x0000000774d80000, 0x00000007c0000000)
  eden space 93696K, 0% used [0x000000076db80000,0x000000076db80000,0x0000000773700000)
  from space 8704K, 82% used [0x0000000773700000,0x0000000773e00d48,0x0000000773f80000)
  to   space 8704K, 0% used [0x0000000774500000,0x0000000774500000,0x0000000774d80000)
 ParOldGen       total 123392K, used 6164K [0x00000006c9200000, 0x00000006d0a80000, 0x000000076db80000)
  object space 123392K, 4% used [0x00000006c9200000,0x00000006c9805170,0x00000006d0a80000)
 Metaspace       used 31354K, capacity 32398K, committed 32640K, reserved 1077248K
  class space    used 3948K, capacity 4221K, committed 4224K, reserved 1048576K
}
Event: 108.915 GC heap before
{Heap before GC invocations=11 (full 1):
 PSYoungGen      total 102400K, used 100867K [0x000000076db80000, 0x0000000774d80000, 0x00000007c0000000)
  eden space 93696K, 100% used [0x000000076db80000,0x0000000773700000,0x0000000773700000)
  from space 8704K, 82% used [0x0000000773700000,0x0000000773e00d48,0x0000000773f80000)
  to   space 8704K, 0% used [0x0000000774500000,0x0000000774500000,0x0000000774d80000)
 ParOldGen       total 123392K, used 6164K [0x00000006c9200000, 0x00000006d0a80000, 0x000000076db80000)
  object space 123392K, 4% used [0x00000006c9200000,0x00000006c9805170,0x00000006d0a80000)
 Metaspace       used 31536K, capacity 32590K, committed 32640K, reserved 1077248K
  class space    used 3948K, capacity 4221K, committed 4224K, reserved 1048576K
Event: 108.924 GC heap after
Heap after GC invocations=11 (full 1):
 PSYoungGen      total 98816K, used 6950K [0x000000076db80000, 0x0000000774c00000, 0x00000007c0000000)
  eden space 91648K, 0% used [0x000000076db80000,0x000000076db80000,0x0000000773500000)
  from space 7168K, 96% used [0x0000000774500000,0x0000000774bc9b58,0x0000000774c00000)
  to   space 8704K, 0% used [0x0000000773b00000,0x0000000773b00000,0x0000000774380000)
 ParOldGen       total 123392K, used 6172K [0x00000006c9200000, 0x00000006d0a80000, 0x000000076db80000)
  object space 123392K, 5% used [0x00000006c9200000,0x00000006c9807170,0x00000006d0a80000)
 Metaspace       used 31536K, capacity 32590K, committed 32640K, reserved 1077248K
  class space    used 3948K, capacity 4221K, committed 4224K, reserved 1048576K
}

